<?xml version="1.0" encoding="UTF-8"?>
<!-- Generated by org.testng.reporters.JUnitReportReporter -->
<testsuite hostname="LAPTOP-ADJAOJNQ" failures="0" tests="3" name="com.herokuapp.theinternet.uploadtests.UploadTests" time="14.382" errors="0" timestamp="2022-03-17T10:27:13 CET" skipped="0">
  <testcase classname="com.herokuapp.theinternet.uploadtests.UploadTests" name="fileUploadTest" time="3.525"/>
  <system-out/>
  <testcase classname="com.herokuapp.theinternet.uploadtests.UploadTests" name="fileUploadTest" time="5.110"/>
  <system-out/>
  <testcase classname="com.herokuapp.theinternet.uploadtests.UploadTests" name="fileUploadTest" time="5.747"/>
  <system-out/>
</testsuite> <!-- com.herokuapp.theinternet.uploadtests.UploadTests -->
